Sending build context to Docker daemon  175.4MB
Step 1/6 : FROM alpine:3.12
 ---> 389fef711851
Step 2/6 : COPY grafana /tmp/grafana/
 ---> 1d9f2570a84a
Step 3/6 : RUN apk add --no-cache --repository=http://dl-cdn.alpinelinux.org/alpine/edge/main libc6-compat
 ---> Running in 990ba3ea2744
fetch http://dl-cdn.alpinelinux.org/alpine/edge/main/x86_64/APKINDEX.tar.gz
fetch http://dl-cdn.alpinelinux.org/alpine/v3.12/main/x86_64/APKINDEX.tar.gz
fetch http://dl-cdn.alpinelinux.org/alpine/v3.12/community/x86_64/APKINDEX.tar.gz
(1/2) Upgrading musl (1.1.24-r10 -> 1.2.2-r1)
(2/2) Installing libc6-compat (1.2.2-r1)
OK: 6 MiB in 15 packages
Removing intermediate container 990ba3ea2744
 ---> b5baebbef9e7
Step 4/6 : EXPOSE 3000
 ---> Running in 4ded32b41153
Removing intermediate container 4ded32b41153
 ---> 83bc2a4f947b
Step 5/6 : WORKDIR /tmp/grafana/bin/
 ---> Running in 966d499ce1c9
Removing intermediate container 966d499ce1c9
 ---> 10de5790a4c0
Step 6/6 : ENTRYPOINT [ "./grafana-server" ]
 ---> Running in dd00bbba472e
Removing intermediate container dd00bbba472e
 ---> 32984638faaa
Successfully built 32984638faaa
Successfully tagged my_grafana:latest
